2024-09-21 15:56:42.286 -03:00 [ERR] An unhandled exception has occurred while executing the request.
System.ArgumentOutOfRangeException: Index and length must refer to a location within the string. (Parameter 'length')
   at System.String.ThrowSubstringArgumentOutOfRange(Int32 startIndex, Int32 length)
   at System.String.Substring(Int32 startIndex, Int32 length)
   at Bank.Controllers.CartoesController.ObterBandeira(String cartao) in D:\trab-c#\Projeto-api-cartoes\Bank\Controllers\CartoesController.cs:line 30
   at lambda_method2(Closure, Object, Object[])
   at Microsoft.AspNetCore.Mvc.Infrastructure.ActionMethodExecutor.SyncActionResultExecutor.Execute(ActionContext actionContext, IActionResultTypeMapper mapper, ObjectMethodExecutor executor, Object controller, Object[] arguments)
   at Microsoft.AspNetCore.Mvc.Infrastructure.ControllerActionInvoker.InvokeActionMethodAsync()
   at Microsoft.AspNetCore.Mvc.Infrastructure.ControllerActionInvoker.Next(State& next, Scope& scope, Object& state, Boolean& isCompleted)
   at Microsoft.AspNetCore.Mvc.Infrastructure.ControllerActionInvoker.InvokeNextActionFilterAsync()
--- End of stack trace from previous location ---
   at Microsoft.AspNetCore.Mvc.Infrastructure.ControllerActionInvoker.Rethrow(ActionExecutedContextSealed context)
   at Microsoft.AspNetCore.Mvc.Infrastructure.ControllerActionInvoker.Next(State& next, Scope& scope, Object& state, Boolean& isCompleted)
   at Microsoft.AspNetCore.Mvc.Infrastructure.ControllerActionInvoker.InvokeInnerFilterAsync()
--- End of stack trace from previous location ---
   at Microsoft.AspNetCore.Mvc.Infrastructure.ResourceInvoker.<InvokeFilterPipelineAsync>g__Awaited|20_0(ResourceInvoker invoker, Task lastTask, State next, Scope scope, Object state, Boolean isCompleted)
   at Microsoft.AspNetCore.Mvc.Infrastructure.ResourceInvoker.<InvokeAsync>g__Awaited|17_0(ResourceInvoker invoker, Task task, IDisposable scope)
   at Microsoft.AspNetCore.Mvc.Infrastructure.ResourceInvoker.<InvokeAsync>g__Awaited|17_0(ResourceInvoker invoker, Task task, IDisposable scope)
   at Microsoft.AspNetCore.Authorization.AuthorizationMiddleware.Invoke(HttpContext context)
   at Swashbuckle.AspNetCore.SwaggerUI.SwaggerUIMiddleware.Invoke(HttpContext httpContext)
   at Swashbuckle.AspNetCore.Swagger.SwaggerMiddleware.Invoke(HttpContext httpContext, ISwaggerProvider swaggerProvider)
   at Microsoft.AspNetCore.Authentication.AuthenticationMiddleware.Invoke(HttpContext context)
   at Microsoft.AspNetCore.Diagnostics.DeveloperExceptionPageMiddlewareImpl.Invoke(HttpContext context)
2024-09-21 15:56:42.286 -03:00 [ERR] An unhandled exception has occurred while executing the request.
System.ArgumentOutOfRangeException: Index and length must refer to a location within the string. (Parameter 'length')
   at System.String.ThrowSubstringArgumentOutOfRange(Int32 startIndex, Int32 length)
   at System.String.Substring(Int32 startIndex, Int32 length)
   at Bank.Controllers.CartoesController.ObterBandeira(String cartao) in D:\trab-c#\Projeto-api-cartoes\Bank\Controllers\CartoesController.cs:line 30
   at lambda_method2(Closure, Object, Object[])
   at Microsoft.AspNetCore.Mvc.Infrastructure.ActionMethodExecutor.SyncActionResultExecutor.Execute(ActionContext actionContext, IActionResultTypeMapper mapper, ObjectMethodExecutor executor, Object controller, Object[] arguments)
   at Microsoft.AspNetCore.Mvc.Infrastructure.ControllerActionInvoker.InvokeActionMethodAsync()
   at Microsoft.AspNetCore.Mvc.Infrastructure.ControllerActionInvoker.Next(State& next, Scope& scope, Object& state, Boolean& isCompleted)
   at Microsoft.AspNetCore.Mvc.Infrastructure.ControllerActionInvoker.InvokeNextActionFilterAsync()
--- End of stack trace from previous location ---
   at Microsoft.AspNetCore.Mvc.Infrastructure.ControllerActionInvoker.Rethrow(ActionExecutedContextSealed context)
   at Microsoft.AspNetCore.Mvc.Infrastructure.ControllerActionInvoker.Next(State& next, Scope& scope, Object& state, Boolean& isCompleted)
   at Microsoft.AspNetCore.Mvc.Infrastructure.ControllerActionInvoker.InvokeInnerFilterAsync()
--- End of stack trace from previous location ---
   at Microsoft.AspNetCore.Mvc.Infrastructure.ResourceInvoker.<InvokeFilterPipelineAsync>g__Awaited|20_0(ResourceInvoker invoker, Task lastTask, State next, Scope scope, Object state, Boolean isCompleted)
   at Microsoft.AspNetCore.Mvc.Infrastructure.ResourceInvoker.<InvokeAsync>g__Awaited|17_0(ResourceInvoker invoker, Task task, IDisposable scope)
   at Microsoft.AspNetCore.Mvc.Infrastructure.ResourceInvoker.<InvokeAsync>g__Awaited|17_0(ResourceInvoker invoker, Task task, IDisposable scope)
   at Microsoft.AspNetCore.Authorization.AuthorizationMiddleware.Invoke(HttpContext context)
   at Swashbuckle.AspNetCore.SwaggerUI.SwaggerUIMiddleware.Invoke(HttpContext httpContext)
   at Swashbuckle.AspNetCore.Swagger.SwaggerMiddleware.Invoke(HttpContext httpContext, ISwaggerProvider swaggerProvider)
   at Microsoft.AspNetCore.Authentication.AuthenticationMiddleware.Invoke(HttpContext context)
   at Microsoft.AspNetCore.Diagnostics.DeveloperExceptionPageMiddlewareImpl.Invoke(HttpContext context)
2024-09-21 17:12:09.779 -03:00 [ERR] Erro ao ValidaCartao.
MySql.Data.MySqlClient.MySqlException (0x80004005): Unable to connect to any of the specified MySQL hosts.
 ---> System.ArgumentException: The value cannot be an empty string. (Parameter 'host')
   at System.ArgumentException.ThrowNullOrEmptyException(String argument, String paramName)
   at System.ArgumentException.ThrowIfNullOrEmpty(String argument, String paramName)
   at System.Net.DnsEndPoint..ctor(String host, Int32 port, AddressFamily addressFamily)
   at System.Net.Sockets.Socket.ConnectAsync(String host, Int32 port, CancellationToken cancellationToken)
   at System.Net.Sockets.Socket.ConnectAsync(String host, Int32 port)
   at System.Net.Sockets.TcpClient.ConnectAsync(String host, Int32 port)
   at MySql.Data.Common.StreamCreator.GetTcpStreamAsync(MySqlConnectionStringBuilder settings, CancellationToken cancellationToken, Boolean execAsync)
   at MySql.Data.Common.StreamCreator.GetStreamAsync(MySqlConnectionStringBuilder settings, CancellationToken cancellationToken, Boolean execAsync)
   at MySql.Data.MySqlClient.NativeDriver.OpenAsync(Boolean execAsync, CancellationToken cancellationToken)
   at MySql.Data.MySqlClient.NativeDriver.OpenAsync(Boolean execAsync, CancellationToken cancellationToken)
   at MySql.Data.MySqlClient.Driver.OpenAsync(Boolean execAsync, CancellationToken cancellationToken)
   at MySql.Data.MySqlClient.Driver.CreateAsync(MySqlConnectionStringBuilder settings, Boolean execAsync, CancellationToken cancellationToken)
   at MySql.Data.MySqlClient.Driver.CreateAsync(MySqlConnectionStringBuilder settings, Boolean execAsync, CancellationToken cancellationToken)
   at MySql.Data.MySqlClient.MySqlPool.CreateNewPooledConnectionAsync(Boolean execAsync, CancellationToken cancellationToken)
   at MySql.Data.MySqlClient.MySqlPool.GetPooledConnectionAsync(Boolean execAsync, CancellationToken cancellationToken)
   at MySql.Data.MySqlClient.MySqlPool.TryToGetDriverAsync(Boolean execAsync, CancellationToken cancellationToken)
   at MySql.Data.MySqlClient.MySqlPool.GetConnectionAsync(Boolean execAsync, CancellationToken cancellationToken)
   at MySql.Data.MySqlClient.MySqlConnection.OpenAsync(Boolean execAsync, CancellationToken cancellationToken)
   at MySql.Data.MySqlClient.MySqlConnection.Open()
   at Bank.Services.CartaoService.ValidaCartao(String numeroCartao) in D:\trab-c#\Projeto-api-cartoes\Bank\Services\CartaoService.cs:line 23
2024-09-21 17:15:05.691 -03:00 [ERR] Erro ao ValidaCartao.
MySql.Data.MySqlClient.MySqlException (0x80004005): Unable to connect to any of the specified MySQL hosts.
 ---> System.ArgumentException: The value cannot be an empty string. (Parameter 'host')
   at System.ArgumentException.ThrowNullOrEmptyException(String argument, String paramName)
   at System.ArgumentException.ThrowIfNullOrEmpty(String argument, String paramName)
   at System.Net.DnsEndPoint..ctor(String host, Int32 port, AddressFamily addressFamily)
   at System.Net.Sockets.Socket.ConnectAsync(String host, Int32 port, CancellationToken cancellationToken)
   at System.Net.Sockets.Socket.ConnectAsync(String host, Int32 port)
   at System.Net.Sockets.TcpClient.ConnectAsync(String host, Int32 port)
   at MySql.Data.Common.StreamCreator.GetTcpStreamAsync(MySqlConnectionStringBuilder settings, CancellationToken cancellationToken, Boolean execAsync)
   at MySql.Data.Common.StreamCreator.GetStreamAsync(MySqlConnectionStringBuilder settings, CancellationToken cancellationToken, Boolean execAsync)
   at MySql.Data.MySqlClient.NativeDriver.OpenAsync(Boolean execAsync, CancellationToken cancellationToken)
   at MySql.Data.MySqlClient.NativeDriver.OpenAsync(Boolean execAsync, CancellationToken cancellationToken)
   at MySql.Data.MySqlClient.Driver.OpenAsync(Boolean execAsync, CancellationToken cancellationToken)
   at MySql.Data.MySqlClient.Driver.CreateAsync(MySqlConnectionStringBuilder settings, Boolean execAsync, CancellationToken cancellationToken)
   at MySql.Data.MySqlClient.Driver.CreateAsync(MySqlConnectionStringBuilder settings, Boolean execAsync, CancellationToken cancellationToken)
   at MySql.Data.MySqlClient.MySqlPool.CreateNewPooledConnectionAsync(Boolean execAsync, CancellationToken cancellationToken)
   at MySql.Data.MySqlClient.MySqlPool.GetPooledConnectionAsync(Boolean execAsync, CancellationToken cancellationToken)
   at MySql.Data.MySqlClient.MySqlPool.TryToGetDriverAsync(Boolean execAsync, CancellationToken cancellationToken)
   at MySql.Data.MySqlClient.MySqlPool.GetConnectionAsync(Boolean execAsync, CancellationToken cancellationToken)
   at MySql.Data.MySqlClient.MySqlConnection.OpenAsync(Boolean execAsync, CancellationToken cancellationToken)
   at MySql.Data.MySqlClient.MySqlConnection.Open()
   at Bank.Services.CartaoService.ValidaCartao(String numeroCartao) in D:\trab-c#\Projeto-api-cartoes\Bank\Services\CartaoService.cs:line 23
2024-09-21 17:15:11.099 -03:00 [ERR] Erro ao ValidaCartao.
MySql.Data.MySqlClient.MySqlException (0x80004005): Unable to connect to any of the specified MySQL hosts.
 ---> System.ArgumentException: The value cannot be an empty string. (Parameter 'host')
   at System.ArgumentException.ThrowNullOrEmptyException(String argument, String paramName)
   at System.ArgumentException.ThrowIfNullOrEmpty(String argument, String paramName)
   at System.Net.DnsEndPoint..ctor(String host, Int32 port, AddressFamily addressFamily)
   at System.Net.Sockets.Socket.ConnectAsync(String host, Int32 port, CancellationToken cancellationToken)
   at System.Net.Sockets.Socket.ConnectAsync(String host, Int32 port)
   at System.Net.Sockets.TcpClient.ConnectAsync(String host, Int32 port)
   at MySql.Data.Common.StreamCreator.GetTcpStreamAsync(MySqlConnectionStringBuilder settings, CancellationToken cancellationToken, Boolean execAsync)
   at MySql.Data.Common.StreamCreator.GetStreamAsync(MySqlConnectionStringBuilder settings, CancellationToken cancellationToken, Boolean execAsync)
   at MySql.Data.MySqlClient.NativeDriver.OpenAsync(Boolean execAsync, CancellationToken cancellationToken)
   at MySql.Data.MySqlClient.NativeDriver.OpenAsync(Boolean execAsync, CancellationToken cancellationToken)
   at MySql.Data.MySqlClient.Driver.OpenAsync(Boolean execAsync, CancellationToken cancellationToken)
   at MySql.Data.MySqlClient.Driver.CreateAsync(MySqlConnectionStringBuilder settings, Boolean execAsync, CancellationToken cancellationToken)
   at MySql.Data.MySqlClient.Driver.CreateAsync(MySqlConnectionStringBuilder settings, Boolean execAsync, CancellationToken cancellationToken)
   at MySql.Data.MySqlClient.MySqlPool.CreateNewPooledConnectionAsync(Boolean execAsync, CancellationToken cancellationToken)
   at MySql.Data.MySqlClient.MySqlPool.GetPooledConnectionAsync(Boolean execAsync, CancellationToken cancellationToken)
   at MySql.Data.MySqlClient.MySqlPool.TryToGetDriverAsync(Boolean execAsync, CancellationToken cancellationToken)
   at MySql.Data.MySqlClient.MySqlPool.GetConnectionAsync(Boolean execAsync, CancellationToken cancellationToken)
   at MySql.Data.MySqlClient.MySqlConnection.OpenAsync(Boolean execAsync, CancellationToken cancellationToken)
   at MySql.Data.MySqlClient.MySqlConnection.Open()
   at Bank.Services.CartaoService.ValidaCartao(String numeroCartao) in D:\trab-c#\Projeto-api-cartoes\Bank\Services\CartaoService.cs:line 23
2024-09-21 17:16:10.443 -03:00 [ERR] Erro ao ValidaCartao.
MySql.Data.MySqlClient.MySqlException (0x80004005): Unable to connect to any of the specified MySQL hosts.
 ---> System.ArgumentException: The value cannot be an empty string. (Parameter 'host')
   at System.ArgumentException.ThrowNullOrEmptyException(String argument, String paramName)
   at System.ArgumentException.ThrowIfNullOrEmpty(String argument, String paramName)
   at System.Net.DnsEndPoint..ctor(String host, Int32 port, AddressFamily addressFamily)
   at System.Net.Sockets.Socket.ConnectAsync(String host, Int32 port, CancellationToken cancellationToken)
   at System.Net.Sockets.Socket.ConnectAsync(String host, Int32 port)
   at System.Net.Sockets.TcpClient.ConnectAsync(String host, Int32 port)
   at MySql.Data.Common.StreamCreator.GetTcpStreamAsync(MySqlConnectionStringBuilder settings, CancellationToken cancellationToken, Boolean execAsync)
   at MySql.Data.Common.StreamCreator.GetStreamAsync(MySqlConnectionStringBuilder settings, CancellationToken cancellationToken, Boolean execAsync)
   at MySql.Data.MySqlClient.NativeDriver.OpenAsync(Boolean execAsync, CancellationToken cancellationToken)
   at MySql.Data.MySqlClient.NativeDriver.OpenAsync(Boolean execAsync, CancellationToken cancellationToken)
   at MySql.Data.MySqlClient.Driver.OpenAsync(Boolean execAsync, CancellationToken cancellationToken)
   at MySql.Data.MySqlClient.Driver.CreateAsync(MySqlConnectionStringBuilder settings, Boolean execAsync, CancellationToken cancellationToken)
   at MySql.Data.MySqlClient.Driver.CreateAsync(MySqlConnectionStringBuilder settings, Boolean execAsync, CancellationToken cancellationToken)
   at MySql.Data.MySqlClient.MySqlPool.CreateNewPooledConnectionAsync(Boolean execAsync, CancellationToken cancellationToken)
   at MySql.Data.MySqlClient.MySqlPool.GetPooledConnectionAsync(Boolean execAsync, CancellationToken cancellationToken)
   at MySql.Data.MySqlClient.MySqlPool.TryToGetDriverAsync(Boolean execAsync, CancellationToken cancellationToken)
   at MySql.Data.MySqlClient.MySqlPool.GetConnectionAsync(Boolean execAsync, CancellationToken cancellationToken)
   at MySql.Data.MySqlClient.MySqlConnection.OpenAsync(Boolean execAsync, CancellationToken cancellationToken)
   at MySql.Data.MySqlClient.MySqlConnection.Open()
   at Bank.Services.CartaoService.ValidaCartao(String numeroCartao) in D:\trab-c#\Projeto-api-cartoes\Bank\Services\CartaoService.cs:line 23
2024-09-21 17:16:15.324 -03:00 [ERR] Erro ao ValidaCartao.
MySql.Data.MySqlClient.MySqlException (0x80004005): Unable to connect to any of the specified MySQL hosts.
 ---> System.ArgumentException: The value cannot be an empty string. (Parameter 'host')
   at System.ArgumentException.ThrowNullOrEmptyException(String argument, String paramName)
   at System.ArgumentException.ThrowIfNullOrEmpty(String argument, String paramName)
   at System.Net.DnsEndPoint..ctor(String host, Int32 port, AddressFamily addressFamily)
   at System.Net.Sockets.Socket.ConnectAsync(String host, Int32 port, CancellationToken cancellationToken)
   at System.Net.Sockets.Socket.ConnectAsync(String host, Int32 port)
   at System.Net.Sockets.TcpClient.ConnectAsync(String host, Int32 port)
   at MySql.Data.Common.StreamCreator.GetTcpStreamAsync(MySqlConnectionStringBuilder settings, CancellationToken cancellationToken, Boolean execAsync)
   at MySql.Data.Common.StreamCreator.GetStreamAsync(MySqlConnectionStringBuilder settings, CancellationToken cancellationToken, Boolean execAsync)
   at MySql.Data.MySqlClient.NativeDriver.OpenAsync(Boolean execAsync, CancellationToken cancellationToken)
   at MySql.Data.MySqlClient.NativeDriver.OpenAsync(Boolean execAsync, CancellationToken cancellationToken)
   at MySql.Data.MySqlClient.Driver.OpenAsync(Boolean execAsync, CancellationToken cancellationToken)
   at MySql.Data.MySqlClient.Driver.CreateAsync(MySqlConnectionStringBuilder settings, Boolean execAsync, CancellationToken cancellationToken)
   at MySql.Data.MySqlClient.Driver.CreateAsync(MySqlConnectionStringBuilder settings, Boolean execAsync, CancellationToken cancellationToken)
   at MySql.Data.MySqlClient.MySqlPool.CreateNewPooledConnectionAsync(Boolean execAsync, CancellationToken cancellationToken)
   at MySql.Data.MySqlClient.MySqlPool.GetPooledConnectionAsync(Boolean execAsync, CancellationToken cancellationToken)
   at MySql.Data.MySqlClient.MySqlPool.TryToGetDriverAsync(Boolean execAsync, CancellationToken cancellationToken)
   at MySql.Data.MySqlClient.MySqlPool.GetConnectionAsync(Boolean execAsync, CancellationToken cancellationToken)
   at MySql.Data.MySqlClient.MySqlConnection.OpenAsync(Boolean execAsync, CancellationToken cancellationToken)
   at MySql.Data.MySqlClient.MySqlConnection.Open()
   at Bank.Services.CartaoService.ValidaCartao(String numeroCartao) in D:\trab-c#\Projeto-api-cartoes\Bank\Services\CartaoService.cs:line 23
2024-09-21 17:16:51.002 -03:00 [ERR] Erro ao ValidaCartao.
MySql.Data.MySqlClient.MySqlException (0x80004005): Unable to connect to any of the specified MySQL hosts.
 ---> System.ArgumentException: The value cannot be an empty string. (Parameter 'host')
   at System.ArgumentException.ThrowNullOrEmptyException(String argument, String paramName)
   at System.ArgumentException.ThrowIfNullOrEmpty(String argument, String paramName)
   at System.Net.DnsEndPoint..ctor(String host, Int32 port, AddressFamily addressFamily)
   at System.Net.Sockets.Socket.ConnectAsync(String host, Int32 port, CancellationToken cancellationToken)
   at System.Net.Sockets.Socket.ConnectAsync(String host, Int32 port)
   at System.Net.Sockets.TcpClient.ConnectAsync(String host, Int32 port)
   at MySql.Data.Common.StreamCreator.GetTcpStreamAsync(MySqlConnectionStringBuilder settings, CancellationToken cancellationToken, Boolean execAsync)
   at MySql.Data.Common.StreamCreator.GetStreamAsync(MySqlConnectionStringBuilder settings, CancellationToken cancellationToken, Boolean execAsync)
   at MySql.Data.MySqlClient.NativeDriver.OpenAsync(Boolean execAsync, CancellationToken cancellationToken)
   at MySql.Data.MySqlClient.NativeDriver.OpenAsync(Boolean execAsync, CancellationToken cancellationToken)
   at MySql.Data.MySqlClient.Driver.OpenAsync(Boolean execAsync, CancellationToken cancellationToken)
   at MySql.Data.MySqlClient.Driver.CreateAsync(MySqlConnectionStringBuilder settings, Boolean execAsync, CancellationToken cancellationToken)
   at MySql.Data.MySqlClient.Driver.CreateAsync(MySqlConnectionStringBuilder settings, Boolean execAsync, CancellationToken cancellationToken)
   at MySql.Data.MySqlClient.MySqlPool.CreateNewPooledConnectionAsync(Boolean execAsync, CancellationToken cancellationToken)
   at MySql.Data.MySqlClient.MySqlPool.GetPooledConnectionAsync(Boolean execAsync, CancellationToken cancellationToken)
   at MySql.Data.MySqlClient.MySqlPool.TryToGetDriverAsync(Boolean execAsync, CancellationToken cancellationToken)
   at MySql.Data.MySqlClient.MySqlPool.GetConnectionAsync(Boolean execAsync, CancellationToken cancellationToken)
   at MySql.Data.MySqlClient.MySqlConnection.OpenAsync(Boolean execAsync, CancellationToken cancellationToken)
   at MySql.Data.MySqlClient.MySqlConnection.Open()
   at Bank.Services.CartaoService.ValidaCartao(String numeroCartao) in D:\trab-c#\Projeto-api-cartoes\Bank\Services\CartaoService.cs:line 23
2024-09-21 17:16:51.816 -03:00 [ERR] Erro ao ValidaCartao.
MySql.Data.MySqlClient.MySqlException (0x80004005): Unable to connect to any of the specified MySQL hosts.
 ---> System.ArgumentException: The value cannot be an empty string. (Parameter 'host')
   at System.ArgumentException.ThrowNullOrEmptyException(String argument, String paramName)
   at System.ArgumentException.ThrowIfNullOrEmpty(String argument, String paramName)
   at System.Net.DnsEndPoint..ctor(String host, Int32 port, AddressFamily addressFamily)
   at System.Net.Sockets.Socket.ConnectAsync(String host, Int32 port, CancellationToken cancellationToken)
   at System.Net.Sockets.Socket.ConnectAsync(String host, Int32 port)
   at System.Net.Sockets.TcpClient.ConnectAsync(String host, Int32 port)
   at MySql.Data.Common.StreamCreator.GetTcpStreamAsync(MySqlConnectionStringBuilder settings, CancellationToken cancellationToken, Boolean execAsync)
   at MySql.Data.Common.StreamCreator.GetStreamAsync(MySqlConnectionStringBuilder settings, CancellationToken cancellationToken, Boolean execAsync)
   at MySql.Data.MySqlClient.NativeDriver.OpenAsync(Boolean execAsync, CancellationToken cancellationToken)
   at MySql.Data.MySqlClient.NativeDriver.OpenAsync(Boolean execAsync, CancellationToken cancellationToken)
   at MySql.Data.MySqlClient.Driver.OpenAsync(Boolean execAsync, CancellationToken cancellationToken)
   at MySql.Data.MySqlClient.Driver.CreateAsync(MySqlConnectionStringBuilder settings, Boolean execAsync, CancellationToken cancellationToken)
   at MySql.Data.MySqlClient.Driver.CreateAsync(MySqlConnectionStringBuilder settings, Boolean execAsync, CancellationToken cancellationToken)
   at MySql.Data.MySqlClient.MySqlPool.CreateNewPooledConnectionAsync(Boolean execAsync, CancellationToken cancellationToken)
   at MySql.Data.MySqlClient.MySqlPool.GetPooledConnectionAsync(Boolean execAsync, CancellationToken cancellationToken)
   at MySql.Data.MySqlClient.MySqlPool.TryToGetDriverAsync(Boolean execAsync, CancellationToken cancellationToken)
   at MySql.Data.MySqlClient.MySqlPool.GetConnectionAsync(Boolean execAsync, CancellationToken cancellationToken)
   at MySql.Data.MySqlClient.MySqlConnection.OpenAsync(Boolean execAsync, CancellationToken cancellationToken)
   at MySql.Data.MySqlClient.MySqlConnection.Open()
   at Bank.Services.CartaoService.ValidaCartao(String numeroCartao) in D:\trab-c#\Projeto-api-cartoes\Bank\Services\CartaoService.cs:line 23
2024-09-21 17:16:52.025 -03:00 [ERR] Erro ao ValidaCartao.
MySql.Data.MySqlClient.MySqlException (0x80004005): Unable to connect to any of the specified MySQL hosts.
 ---> System.ArgumentException: The value cannot be an empty string. (Parameter 'host')
   at System.ArgumentException.ThrowNullOrEmptyException(String argument, String paramName)
   at System.ArgumentException.ThrowIfNullOrEmpty(String argument, String paramName)
   at System.Net.DnsEndPoint..ctor(String host, Int32 port, AddressFamily addressFamily)
   at System.Net.Sockets.Socket.ConnectAsync(String host, Int32 port, CancellationToken cancellationToken)
   at System.Net.Sockets.Socket.ConnectAsync(String host, Int32 port)
   at System.Net.Sockets.TcpClient.ConnectAsync(String host, Int32 port)
   at MySql.Data.Common.StreamCreator.GetTcpStreamAsync(MySqlConnectionStringBuilder settings, CancellationToken cancellationToken, Boolean execAsync)
   at MySql.Data.Common.StreamCreator.GetStreamAsync(MySqlConnectionStringBuilder settings, CancellationToken cancellationToken, Boolean execAsync)
   at MySql.Data.MySqlClient.NativeDriver.OpenAsync(Boolean execAsync, CancellationToken cancellationToken)
   at MySql.Data.MySqlClient.NativeDriver.OpenAsync(Boolean execAsync, CancellationToken cancellationToken)
   at MySql.Data.MySqlClient.Driver.OpenAsync(Boolean execAsync, CancellationToken cancellationToken)
   at MySql.Data.MySqlClient.Driver.CreateAsync(MySqlConnectionStringBuilder settings, Boolean execAsync, CancellationToken cancellationToken)
   at MySql.Data.MySqlClient.Driver.CreateAsync(MySqlConnectionStringBuilder settings, Boolean execAsync, CancellationToken cancellationToken)
   at MySql.Data.MySqlClient.MySqlPool.CreateNewPooledConnectionAsync(Boolean execAsync, CancellationToken cancellationToken)
   at MySql.Data.MySqlClient.MySqlPool.GetPooledConnectionAsync(Boolean execAsync, CancellationToken cancellationToken)
   at MySql.Data.MySqlClient.MySqlPool.TryToGetDriverAsync(Boolean execAsync, CancellationToken cancellationToken)
   at MySql.Data.MySqlClient.MySqlPool.GetConnectionAsync(Boolean execAsync, CancellationToken cancellationToken)
   at MySql.Data.MySqlClient.MySqlConnection.OpenAsync(Boolean execAsync, CancellationToken cancellationToken)
   at MySql.Data.MySqlClient.MySqlConnection.Open()
   at Bank.Services.CartaoService.ValidaCartao(String numeroCartao) in D:\trab-c#\Projeto-api-cartoes\Bank\Services\CartaoService.cs:line 23
2024-09-21 17:16:52.165 -03:00 [ERR] Erro ao ValidaCartao.
MySql.Data.MySqlClient.MySqlException (0x80004005): Unable to connect to any of the specified MySQL hosts.
 ---> System.ArgumentException: The value cannot be an empty string. (Parameter 'host')
   at System.ArgumentException.ThrowNullOrEmptyException(String argument, String paramName)
   at System.ArgumentException.ThrowIfNullOrEmpty(String argument, String paramName)
   at System.Net.DnsEndPoint..ctor(String host, Int32 port, AddressFamily addressFamily)
   at System.Net.Sockets.Socket.ConnectAsync(String host, Int32 port, CancellationToken cancellationToken)
   at System.Net.Sockets.Socket.ConnectAsync(String host, Int32 port)
   at System.Net.Sockets.TcpClient.ConnectAsync(String host, Int32 port)
   at MySql.Data.Common.StreamCreator.GetTcpStreamAsync(MySqlConnectionStringBuilder settings, CancellationToken cancellationToken, Boolean execAsync)
   at MySql.Data.Common.StreamCreator.GetStreamAsync(MySqlConnectionStringBuilder settings, CancellationToken cancellationToken, Boolean execAsync)
   at MySql.Data.MySqlClient.NativeDriver.OpenAsync(Boolean execAsync, CancellationToken cancellationToken)
   at MySql.Data.MySqlClient.NativeDriver.OpenAsync(Boolean execAsync, CancellationToken cancellationToken)
   at MySql.Data.MySqlClient.Driver.OpenAsync(Boolean execAsync, CancellationToken cancellationToken)
   at MySql.Data.MySqlClient.Driver.CreateAsync(MySqlConnectionStringBuilder settings, Boolean execAsync, CancellationToken cancellationToken)
   at MySql.Data.MySqlClient.Driver.CreateAsync(MySqlConnectionStringBuilder settings, Boolean execAsync, CancellationToken cancellationToken)
   at MySql.Data.MySqlClient.MySqlPool.CreateNewPooledConnectionAsync(Boolean execAsync, CancellationToken cancellationToken)
   at MySql.Data.MySqlClient.MySqlPool.GetPooledConnectionAsync(Boolean execAsync, CancellationToken cancellationToken)
   at MySql.Data.MySqlClient.MySqlPool.TryToGetDriverAsync(Boolean execAsync, CancellationToken cancellationToken)
   at MySql.Data.MySqlClient.MySqlPool.GetConnectionAsync(Boolean execAsync, CancellationToken cancellationToken)
   at MySql.Data.MySqlClient.MySqlConnection.OpenAsync(Boolean execAsync, CancellationToken cancellationToken)
   at MySql.Data.MySqlClient.MySqlConnection.Open()
   at Bank.Services.CartaoService.ValidaCartao(String numeroCartao) in D:\trab-c#\Projeto-api-cartoes\Bank\Services\CartaoService.cs:line 23
2024-09-21 17:16:52.325 -03:00 [ERR] Erro ao ValidaCartao.
MySql.Data.MySqlClient.MySqlException (0x80004005): Unable to connect to any of the specified MySQL hosts.
 ---> System.ArgumentException: The value cannot be an empty string. (Parameter 'host')
   at System.ArgumentException.ThrowNullOrEmptyException(String argument, String paramName)
   at System.ArgumentException.ThrowIfNullOrEmpty(String argument, String paramName)
   at System.Net.DnsEndPoint..ctor(String host, Int32 port, AddressFamily addressFamily)
   at System.Net.Sockets.Socket.ConnectAsync(String host, Int32 port, CancellationToken cancellationToken)
   at System.Net.Sockets.Socket.ConnectAsync(String host, Int32 port)
   at System.Net.Sockets.TcpClient.ConnectAsync(String host, Int32 port)
   at MySql.Data.Common.StreamCreator.GetTcpStreamAsync(MySqlConnectionStringBuilder settings, CancellationToken cancellationToken, Boolean execAsync)
   at MySql.Data.Common.StreamCreator.GetStreamAsync(MySqlConnectionStringBuilder settings, CancellationToken cancellationToken, Boolean execAsync)
   at MySql.Data.MySqlClient.NativeDriver.OpenAsync(Boolean execAsync, CancellationToken cancellationToken)
   at MySql.Data.MySqlClient.NativeDriver.OpenAsync(Boolean execAsync, CancellationToken cancellationToken)
   at MySql.Data.MySqlClient.Driver.OpenAsync(Boolean execAsync, CancellationToken cancellationToken)
   at MySql.Data.MySqlClient.Driver.CreateAsync(MySqlConnectionStringBuilder settings, Boolean execAsync, CancellationToken cancellationToken)
   at MySql.Data.MySqlClient.Driver.CreateAsync(MySqlConnectionStringBuilder settings, Boolean execAsync, CancellationToken cancellationToken)
   at MySql.Data.MySqlClient.MySqlPool.CreateNewPooledConnectionAsync(Boolean execAsync, CancellationToken cancellationToken)
   at MySql.Data.MySqlClient.MySqlPool.GetPooledConnectionAsync(Boolean execAsync, CancellationToken cancellationToken)
   at MySql.Data.MySqlClient.MySqlPool.TryToGetDriverAsync(Boolean execAsync, CancellationToken cancellationToken)
   at MySql.Data.MySqlClient.MySqlPool.GetConnectionAsync(Boolean execAsync, CancellationToken cancellationToken)
   at MySql.Data.MySqlClient.MySqlConnection.OpenAsync(Boolean execAsync, CancellationToken cancellationToken)
   at MySql.Data.MySqlClient.MySqlConnection.Open()
   at Bank.Services.CartaoService.ValidaCartao(String numeroCartao) in D:\trab-c#\Projeto-api-cartoes\Bank\Services\CartaoService.cs:line 23
2024-09-21 17:16:52.486 -03:00 [ERR] Erro ao ValidaCartao.
MySql.Data.MySqlClient.MySqlException (0x80004005): Unable to connect to any of the specified MySQL hosts.
 ---> System.ArgumentException: The value cannot be an empty string. (Parameter 'host')
   at System.ArgumentException.ThrowNullOrEmptyException(String argument, String paramName)
   at System.ArgumentException.ThrowIfNullOrEmpty(String argument, String paramName)
   at System.Net.DnsEndPoint..ctor(String host, Int32 port, AddressFamily addressFamily)
   at System.Net.Sockets.Socket.ConnectAsync(String host, Int32 port, CancellationToken cancellationToken)
   at System.Net.Sockets.Socket.ConnectAsync(String host, Int32 port)
   at System.Net.Sockets.TcpClient.ConnectAsync(String host, Int32 port)
   at MySql.Data.Common.StreamCreator.GetTcpStreamAsync(MySqlConnectionStringBuilder settings, CancellationToken cancellationToken, Boolean execAsync)
   at MySql.Data.Common.StreamCreator.GetStreamAsync(MySqlConnectionStringBuilder settings, CancellationToken cancellationToken, Boolean execAsync)
   at MySql.Data.MySqlClient.NativeDriver.OpenAsync(Boolean execAsync, CancellationToken cancellationToken)
   at MySql.Data.MySqlClient.NativeDriver.OpenAsync(Boolean execAsync, CancellationToken cancellationToken)
   at MySql.Data.MySqlClient.Driver.OpenAsync(Boolean execAsync, CancellationToken cancellationToken)
   at MySql.Data.MySqlClient.Driver.CreateAsync(MySqlConnectionStringBuilder settings, Boolean execAsync, CancellationToken cancellationToken)
   at MySql.Data.MySqlClient.Driver.CreateAsync(MySqlConnectionStringBuilder settings, Boolean execAsync, CancellationToken cancellationToken)
   at MySql.Data.MySqlClient.MySqlPool.CreateNewPooledConnectionAsync(Boolean execAsync, CancellationToken cancellationToken)
   at MySql.Data.MySqlClient.MySqlPool.GetPooledConnectionAsync(Boolean execAsync, CancellationToken cancellationToken)
   at MySql.Data.MySqlClient.MySqlPool.TryToGetDriverAsync(Boolean execAsync, CancellationToken cancellationToken)
   at MySql.Data.MySqlClient.MySqlPool.GetConnectionAsync(Boolean execAsync, CancellationToken cancellationToken)
   at MySql.Data.MySqlClient.MySqlConnection.OpenAsync(Boolean execAsync, CancellationToken cancellationToken)
   at MySql.Data.MySqlClient.MySqlConnection.Open()
   at Bank.Services.CartaoService.ValidaCartao(String numeroCartao) in D:\trab-c#\Projeto-api-cartoes\Bank\Services\CartaoService.cs:line 23
2024-09-21 17:16:52.620 -03:00 [ERR] Erro ao ValidaCartao.
MySql.Data.MySqlClient.MySqlException (0x80004005): Unable to connect to any of the specified MySQL hosts.
 ---> System.ArgumentException: The value cannot be an empty string. (Parameter 'host')
   at System.ArgumentException.ThrowNullOrEmptyException(String argument, String paramName)
   at System.ArgumentException.ThrowIfNullOrEmpty(String argument, String paramName)
   at System.Net.DnsEndPoint..ctor(String host, Int32 port, AddressFamily addressFamily)
   at System.Net.Sockets.Socket.ConnectAsync(String host, Int32 port, CancellationToken cancellationToken)
   at System.Net.Sockets.Socket.ConnectAsync(String host, Int32 port)
   at System.Net.Sockets.TcpClient.ConnectAsync(String host, Int32 port)
   at MySql.Data.Common.StreamCreator.GetTcpStreamAsync(MySqlConnectionStringBuilder settings, CancellationToken cancellationToken, Boolean execAsync)
   at MySql.Data.Common.StreamCreator.GetStreamAsync(MySqlConnectionStringBuilder settings, CancellationToken cancellationToken, Boolean execAsync)
   at MySql.Data.MySqlClient.NativeDriver.OpenAsync(Boolean execAsync, CancellationToken cancellationToken)
   at MySql.Data.MySqlClient.NativeDriver.OpenAsync(Boolean execAsync, CancellationToken cancellationToken)
   at MySql.Data.MySqlClient.Driver.OpenAsync(Boolean execAsync, CancellationToken cancellationToken)
   at MySql.Data.MySqlClient.Driver.CreateAsync(MySqlConnectionStringBuilder settings, Boolean execAsync, CancellationToken cancellationToken)
   at MySql.Data.MySqlClient.Driver.CreateAsync(MySqlConnectionStringBuilder settings, Boolean execAsync, CancellationToken cancellationToken)
   at MySql.Data.MySqlClient.MySqlPool.CreateNewPooledConnectionAsync(Boolean execAsync, CancellationToken cancellationToken)
   at MySql.Data.MySqlClient.MySqlPool.GetPooledConnectionAsync(Boolean execAsync, CancellationToken cancellationToken)
   at MySql.Data.MySqlClient.MySqlPool.TryToGetDriverAsync(Boolean execAsync, CancellationToken cancellationToken)
   at MySql.Data.MySqlClient.MySqlPool.GetConnectionAsync(Boolean execAsync, CancellationToken cancellationToken)
   at MySql.Data.MySqlClient.MySqlConnection.OpenAsync(Boolean execAsync, CancellationToken cancellationToken)
   at MySql.Data.MySqlClient.MySqlConnection.Open()
   at Bank.Services.CartaoService.ValidaCartao(String numeroCartao) in D:\trab-c#\Projeto-api-cartoes\Bank\Services\CartaoService.cs:line 23
2024-09-21 17:16:52.802 -03:00 [ERR] Erro ao ValidaCartao.
MySql.Data.MySqlClient.MySqlException (0x80004005): Unable to connect to any of the specified MySQL hosts.
 ---> System.ArgumentException: The value cannot be an empty string. (Parameter 'host')
   at System.ArgumentException.ThrowNullOrEmptyException(String argument, String paramName)
   at System.ArgumentException.ThrowIfNullOrEmpty(String argument, String paramName)
   at System.Net.DnsEndPoint..ctor(String host, Int32 port, AddressFamily addressFamily)
   at System.Net.Sockets.Socket.ConnectAsync(String host, Int32 port, CancellationToken cancellationToken)
   at System.Net.Sockets.Socket.ConnectAsync(String host, Int32 port)
   at System.Net.Sockets.TcpClient.ConnectAsync(String host, Int32 port)
   at MySql.Data.Common.StreamCreator.GetTcpStreamAsync(MySqlConnectionStringBuilder settings, CancellationToken cancellationToken, Boolean execAsync)
   at MySql.Data.Common.StreamCreator.GetStreamAsync(MySqlConnectionStringBuilder settings, CancellationToken cancellationToken, Boolean execAsync)
   at MySql.Data.MySqlClient.NativeDriver.OpenAsync(Boolean execAsync, CancellationToken cancellationToken)
   at MySql.Data.MySqlClient.NativeDriver.OpenAsync(Boolean execAsync, CancellationToken cancellationToken)
   at MySql.Data.MySqlClient.Driver.OpenAsync(Boolean execAsync, CancellationToken cancellationToken)
   at MySql.Data.MySqlClient.Driver.CreateAsync(MySqlConnectionStringBuilder settings, Boolean execAsync, CancellationToken cancellationToken)
   at MySql.Data.MySqlClient.Driver.CreateAsync(MySqlConnectionStringBuilder settings, Boolean execAsync, CancellationToken cancellationToken)
   at MySql.Data.MySqlClient.MySqlPool.CreateNewPooledConnectionAsync(Boolean execAsync, CancellationToken cancellationToken)
   at MySql.Data.MySqlClient.MySqlPool.GetPooledConnectionAsync(Boolean execAsync, CancellationToken cancellationToken)
   at MySql.Data.MySqlClient.MySqlPool.TryToGetDriverAsync(Boolean execAsync, CancellationToken cancellationToken)
   at MySql.Data.MySqlClient.MySqlPool.GetConnectionAsync(Boolean execAsync, CancellationToken cancellationToken)
   at MySql.Data.MySqlClient.MySqlConnection.OpenAsync(Boolean execAsync, CancellationToken cancellationToken)
   at MySql.Data.MySqlClient.MySqlConnection.Open()
   at Bank.Services.CartaoService.ValidaCartao(String numeroCartao) in D:\trab-c#\Projeto-api-cartoes\Bank\Services\CartaoService.cs:line 23
2024-09-21 17:16:52.941 -03:00 [ERR] Erro ao ValidaCartao.
MySql.Data.MySqlClient.MySqlException (0x80004005): Unable to connect to any of the specified MySQL hosts.
 ---> System.ArgumentException: The value cannot be an empty string. (Parameter 'host')
   at System.ArgumentException.ThrowNullOrEmptyException(String argument, String paramName)
   at System.ArgumentException.ThrowIfNullOrEmpty(String argument, String paramName)
   at System.Net.DnsEndPoint..ctor(String host, Int32 port, AddressFamily addressFamily)
   at System.Net.Sockets.Socket.ConnectAsync(String host, Int32 port, CancellationToken cancellationToken)
   at System.Net.Sockets.Socket.ConnectAsync(String host, Int32 port)
   at System.Net.Sockets.TcpClient.ConnectAsync(String host, Int32 port)
   at MySql.Data.Common.StreamCreator.GetTcpStreamAsync(MySqlConnectionStringBuilder settings, CancellationToken cancellationToken, Boolean execAsync)
   at MySql.Data.Common.StreamCreator.GetStreamAsync(MySqlConnectionStringBuilder settings, CancellationToken cancellationToken, Boolean execAsync)
   at MySql.Data.MySqlClient.NativeDriver.OpenAsync(Boolean execAsync, CancellationToken cancellationToken)
   at MySql.Data.MySqlClient.NativeDriver.OpenAsync(Boolean execAsync, CancellationToken cancellationToken)
   at MySql.Data.MySqlClient.Driver.OpenAsync(Boolean execAsync, CancellationToken cancellationToken)
   at MySql.Data.MySqlClient.Driver.CreateAsync(MySqlConnectionStringBuilder settings, Boolean execAsync, CancellationToken cancellationToken)
   at MySql.Data.MySqlClient.Driver.CreateAsync(MySqlConnectionStringBuilder settings, Boolean execAsync, CancellationToken cancellationToken)
   at MySql.Data.MySqlClient.MySqlPool.CreateNewPooledConnectionAsync(Boolean execAsync, CancellationToken cancellationToken)
   at MySql.Data.MySqlClient.MySqlPool.GetPooledConnectionAsync(Boolean execAsync, CancellationToken cancellationToken)
   at MySql.Data.MySqlClient.MySqlPool.TryToGetDriverAsync(Boolean execAsync, CancellationToken cancellationToken)
   at MySql.Data.MySqlClient.MySqlPool.GetConnectionAsync(Boolean execAsync, CancellationToken cancellationToken)
   at MySql.Data.MySqlClient.MySqlConnection.OpenAsync(Boolean execAsync, CancellationToken cancellationToken)
   at MySql.Data.MySqlClient.MySqlConnection.Open()
   at Bank.Services.CartaoService.ValidaCartao(String numeroCartao) in D:\trab-c#\Projeto-api-cartoes\Bank\Services\CartaoService.cs:line 23
2024-09-21 17:16:53.116 -03:00 [ERR] Erro ao ValidaCartao.
MySql.Data.MySqlClient.MySqlException (0x80004005): Unable to connect to any of the specified MySQL hosts.
 ---> System.ArgumentException: The value cannot be an empty string. (Parameter 'host')
   at System.ArgumentException.ThrowNullOrEmptyException(String argument, String paramName)
   at System.ArgumentException.ThrowIfNullOrEmpty(String argument, String paramName)
   at System.Net.DnsEndPoint..ctor(String host, Int32 port, AddressFamily addressFamily)
   at System.Net.Sockets.Socket.ConnectAsync(String host, Int32 port, CancellationToken cancellationToken)
   at System.Net.Sockets.Socket.ConnectAsync(String host, Int32 port)
   at System.Net.Sockets.TcpClient.ConnectAsync(String host, Int32 port)
   at MySql.Data.Common.StreamCreator.GetTcpStreamAsync(MySqlConnectionStringBuilder settings, CancellationToken cancellationToken, Boolean execAsync)
   at MySql.Data.Common.StreamCreator.GetStreamAsync(MySqlConnectionStringBuilder settings, CancellationToken cancellationToken, Boolean execAsync)
   at MySql.Data.MySqlClient.NativeDriver.OpenAsync(Boolean execAsync, CancellationToken cancellationToken)
   at MySql.Data.MySqlClient.NativeDriver.OpenAsync(Boolean execAsync, CancellationToken cancellationToken)
   at MySql.Data.MySqlClient.Driver.OpenAsync(Boolean execAsync, CancellationToken cancellationToken)
   at MySql.Data.MySqlClient.Driver.CreateAsync(MySqlConnectionStringBuilder settings, Boolean execAsync, CancellationToken cancellationToken)
   at MySql.Data.MySqlClient.Driver.CreateAsync(MySqlConnectionStringBuilder settings, Boolean execAsync, CancellationToken cancellationToken)
   at MySql.Data.MySqlClient.MySqlPool.CreateNewPooledConnectionAsync(Boolean execAsync, CancellationToken cancellationToken)
   at MySql.Data.MySqlClient.MySqlPool.GetPooledConnectionAsync(Boolean execAsync, CancellationToken cancellationToken)
   at MySql.Data.MySqlClient.MySqlPool.TryToGetDriverAsync(Boolean execAsync, CancellationToken cancellationToken)
   at MySql.Data.MySqlClient.MySqlPool.GetConnectionAsync(Boolean execAsync, CancellationToken cancellationToken)
   at MySql.Data.MySqlClient.MySqlConnection.OpenAsync(Boolean execAsync, CancellationToken cancellationToken)
   at MySql.Data.MySqlClient.MySqlConnection.Open()
   at Bank.Services.CartaoService.ValidaCartao(String numeroCartao) in D:\trab-c#\Projeto-api-cartoes\Bank\Services\CartaoService.cs:line 23
2024-09-21 17:16:53.266 -03:00 [ERR] Erro ao ValidaCartao.
MySql.Data.MySqlClient.MySqlException (0x80004005): Unable to connect to any of the specified MySQL hosts.
 ---> System.ArgumentException: The value cannot be an empty string. (Parameter 'host')
   at System.ArgumentException.ThrowNullOrEmptyException(String argument, String paramName)
   at System.ArgumentException.ThrowIfNullOrEmpty(String argument, String paramName)
   at System.Net.DnsEndPoint..ctor(String host, Int32 port, AddressFamily addressFamily)
   at System.Net.Sockets.Socket.ConnectAsync(String host, Int32 port, CancellationToken cancellationToken)
   at System.Net.Sockets.Socket.ConnectAsync(String host, Int32 port)
   at System.Net.Sockets.TcpClient.ConnectAsync(String host, Int32 port)
   at MySql.Data.Common.StreamCreator.GetTcpStreamAsync(MySqlConnectionStringBuilder settings, CancellationToken cancellationToken, Boolean execAsync)
   at MySql.Data.Common.StreamCreator.GetStreamAsync(MySqlConnectionStringBuilder settings, CancellationToken cancellationToken, Boolean execAsync)
   at MySql.Data.MySqlClient.NativeDriver.OpenAsync(Boolean execAsync, CancellationToken cancellationToken)
   at MySql.Data.MySqlClient.NativeDriver.OpenAsync(Boolean execAsync, CancellationToken cancellationToken)
   at MySql.Data.MySqlClient.Driver.OpenAsync(Boolean execAsync, CancellationToken cancellationToken)
   at MySql.Data.MySqlClient.Driver.CreateAsync(MySqlConnectionStringBuilder settings, Boolean execAsync, CancellationToken cancellationToken)
   at MySql.Data.MySqlClient.Driver.CreateAsync(MySqlConnectionStringBuilder settings, Boolean execAsync, CancellationToken cancellationToken)
   at MySql.Data.MySqlClient.MySqlPool.CreateNewPooledConnectionAsync(Boolean execAsync, CancellationToken cancellationToken)
   at MySql.Data.MySqlClient.MySqlPool.GetPooledConnectionAsync(Boolean execAsync, CancellationToken cancellationToken)
   at MySql.Data.MySqlClient.MySqlPool.TryToGetDriverAsync(Boolean execAsync, CancellationToken cancellationToken)
   at MySql.Data.MySqlClient.MySqlPool.GetConnectionAsync(Boolean execAsync, CancellationToken cancellationToken)
   at MySql.Data.MySqlClient.MySqlConnection.OpenAsync(Boolean execAsync, CancellationToken cancellationToken)
   at MySql.Data.MySqlClient.MySqlConnection.Open()
   at Bank.Services.CartaoService.ValidaCartao(String numeroCartao) in D:\trab-c#\Projeto-api-cartoes\Bank\Services\CartaoService.cs:line 23
2024-09-21 17:16:53.427 -03:00 [ERR] Erro ao ValidaCartao.
MySql.Data.MySqlClient.MySqlException (0x80004005): Unable to connect to any of the specified MySQL hosts.
 ---> System.ArgumentException: The value cannot be an empty string. (Parameter 'host')
   at System.ArgumentException.ThrowNullOrEmptyException(String argument, String paramName)
   at System.ArgumentException.ThrowIfNullOrEmpty(String argument, String paramName)
   at System.Net.DnsEndPoint..ctor(String host, Int32 port, AddressFamily addressFamily)
   at System.Net.Sockets.Socket.ConnectAsync(String host, Int32 port, CancellationToken cancellationToken)
   at System.Net.Sockets.Socket.ConnectAsync(String host, Int32 port)
   at System.Net.Sockets.TcpClient.ConnectAsync(String host, Int32 port)
   at MySql.Data.Common.StreamCreator.GetTcpStreamAsync(MySqlConnectionStringBuilder settings, CancellationToken cancellationToken, Boolean execAsync)
   at MySql.Data.Common.StreamCreator.GetStreamAsync(MySqlConnectionStringBuilder settings, CancellationToken cancellationToken, Boolean execAsync)
   at MySql.Data.MySqlClient.NativeDriver.OpenAsync(Boolean execAsync, CancellationToken cancellationToken)
   at MySql.Data.MySqlClient.NativeDriver.OpenAsync(Boolean execAsync, CancellationToken cancellationToken)
   at MySql.Data.MySqlClient.Driver.OpenAsync(Boolean execAsync, CancellationToken cancellationToken)
   at MySql.Data.MySqlClient.Driver.CreateAsync(MySqlConnectionStringBuilder settings, Boolean execAsync, CancellationToken cancellationToken)
   at MySql.Data.MySqlClient.Driver.CreateAsync(MySqlConnectionStringBuilder settings, Boolean execAsync, CancellationToken cancellationToken)
   at MySql.Data.MySqlClient.MySqlPool.CreateNewPooledConnectionAsync(Boolean execAsync, CancellationToken cancellationToken)
   at MySql.Data.MySqlClient.MySqlPool.GetPooledConnectionAsync(Boolean execAsync, CancellationToken cancellationToken)
   at MySql.Data.MySqlClient.MySqlPool.TryToGetDriverAsync(Boolean execAsync, CancellationToken cancellationToken)
   at MySql.Data.MySqlClient.MySqlPool.GetConnectionAsync(Boolean execAsync, CancellationToken cancellationToken)
   at MySql.Data.MySqlClient.MySqlConnection.OpenAsync(Boolean execAsync, CancellationToken cancellationToken)
   at MySql.Data.MySqlClient.MySqlConnection.Open()
   at Bank.Services.CartaoService.ValidaCartao(String numeroCartao) in D:\trab-c#\Projeto-api-cartoes\Bank\Services\CartaoService.cs:line 23
2024-09-21 17:16:53.793 -03:00 [ERR] Erro ao ValidaCartao.
MySql.Data.MySqlClient.MySqlException (0x80004005): Unable to connect to any of the specified MySQL hosts.
 ---> System.ArgumentException: The value cannot be an empty string. (Parameter 'host')
   at System.ArgumentException.ThrowNullOrEmptyException(String argument, String paramName)
   at System.ArgumentException.ThrowIfNullOrEmpty(String argument, String paramName)
   at System.Net.DnsEndPoint..ctor(String host, Int32 port, AddressFamily addressFamily)
   at System.Net.Sockets.Socket.ConnectAsync(String host, Int32 port, CancellationToken cancellationToken)
   at System.Net.Sockets.Socket.ConnectAsync(String host, Int32 port)
   at System.Net.Sockets.TcpClient.ConnectAsync(String host, Int32 port)
   at MySql.Data.Common.StreamCreator.GetTcpStreamAsync(MySqlConnectionStringBuilder settings, CancellationToken cancellationToken, Boolean execAsync)
   at MySql.Data.Common.StreamCreator.GetStreamAsync(MySqlConnectionStringBuilder settings, CancellationToken cancellationToken, Boolean execAsync)
   at MySql.Data.MySqlClient.NativeDriver.OpenAsync(Boolean execAsync, CancellationToken cancellationToken)
   at MySql.Data.MySqlClient.NativeDriver.OpenAsync(Boolean execAsync, CancellationToken cancellationToken)
   at MySql.Data.MySqlClient.Driver.OpenAsync(Boolean execAsync, CancellationToken cancellationToken)
   at MySql.Data.MySqlClient.Driver.CreateAsync(MySqlConnectionStringBuilder settings, Boolean execAsync, CancellationToken cancellationToken)
   at MySql.Data.MySqlClient.Driver.CreateAsync(MySqlConnectionStringBuilder settings, Boolean execAsync, CancellationToken cancellationToken)
   at MySql.Data.MySqlClient.MySqlPool.CreateNewPooledConnectionAsync(Boolean execAsync, CancellationToken cancellationToken)
   at MySql.Data.MySqlClient.MySqlPool.GetPooledConnectionAsync(Boolean execAsync, CancellationToken cancellationToken)
   at MySql.Data.MySqlClient.MySqlPool.TryToGetDriverAsync(Boolean execAsync, CancellationToken cancellationToken)
   at MySql.Data.MySqlClient.MySqlPool.GetConnectionAsync(Boolean execAsync, CancellationToken cancellationToken)
   at MySql.Data.MySqlClient.MySqlConnection.OpenAsync(Boolean execAsync, CancellationToken cancellationToken)
   at MySql.Data.MySqlClient.MySqlConnection.Open()
   at Bank.Services.CartaoService.ValidaCartao(String numeroCartao) in D:\trab-c#\Projeto-api-cartoes\Bank\Services\CartaoService.cs:line 23
2024-09-21 17:16:54.562 -03:00 [ERR] Erro ao ValidaCartao.
MySql.Data.MySqlClient.MySqlException (0x80004005): Unable to connect to any of the specified MySQL hosts.
 ---> System.ArgumentException: The value cannot be an empty string. (Parameter 'host')
   at System.ArgumentException.ThrowNullOrEmptyException(String argument, String paramName)
   at System.ArgumentException.ThrowIfNullOrEmpty(String argument, String paramName)
   at System.Net.DnsEndPoint..ctor(String host, Int32 port, AddressFamily addressFamily)
   at System.Net.Sockets.Socket.ConnectAsync(String host, Int32 port, CancellationToken cancellationToken)
   at System.Net.Sockets.Socket.ConnectAsync(String host, Int32 port)
   at System.Net.Sockets.TcpClient.ConnectAsync(String host, Int32 port)
   at MySql.Data.Common.StreamCreator.GetTcpStreamAsync(MySqlConnectionStringBuilder settings, CancellationToken cancellationToken, Boolean execAsync)
   at MySql.Data.Common.StreamCreator.GetStreamAsync(MySqlConnectionStringBuilder settings, CancellationToken cancellationToken, Boolean execAsync)
   at MySql.Data.MySqlClient.NativeDriver.OpenAsync(Boolean execAsync, CancellationToken cancellationToken)
   at MySql.Data.MySqlClient.NativeDriver.OpenAsync(Boolean execAsync, CancellationToken cancellationToken)
   at MySql.Data.MySqlClient.Driver.OpenAsync(Boolean execAsync, CancellationToken cancellationToken)
   at MySql.Data.MySqlClient.Driver.CreateAsync(MySqlConnectionStringBuilder settings, Boolean execAsync, CancellationToken cancellationToken)
   at MySql.Data.MySqlClient.Driver.CreateAsync(MySqlConnectionStringBuilder settings, Boolean execAsync, CancellationToken cancellationToken)
   at MySql.Data.MySqlClient.MySqlPool.CreateNewPooledConnectionAsync(Boolean execAsync, CancellationToken cancellationToken)
   at MySql.Data.MySqlClient.MySqlPool.GetPooledConnectionAsync(Boolean execAsync, CancellationToken cancellationToken)
   at MySql.Data.MySqlClient.MySqlPool.TryToGetDriverAsync(Boolean execAsync, CancellationToken cancellationToken)
   at MySql.Data.MySqlClient.MySqlPool.GetConnectionAsync(Boolean execAsync, CancellationToken cancellationToken)
   at MySql.Data.MySqlClient.MySqlConnection.OpenAsync(Boolean execAsync, CancellationToken cancellationToken)
   at MySql.Data.MySqlClient.MySqlConnection.Open()
   at Bank.Services.CartaoService.ValidaCartao(String numeroCartao) in D:\trab-c#\Projeto-api-cartoes\Bank\Services\CartaoService.cs:line 23
2024-09-21 17:17:03.891 -03:00 [ERR] Erro ao ValidaCartao.
MySql.Data.MySqlClient.MySqlException (0x80004005): Unable to connect to any of the specified MySQL hosts.
 ---> System.ArgumentException: The value cannot be an empty string. (Parameter 'host')
   at System.ArgumentException.ThrowNullOrEmptyException(String argument, String paramName)
   at System.ArgumentException.ThrowIfNullOrEmpty(String argument, String paramName)
   at System.Net.DnsEndPoint..ctor(String host, Int32 port, AddressFamily addressFamily)
   at System.Net.Sockets.Socket.ConnectAsync(String host, Int32 port, CancellationToken cancellationToken)
   at System.Net.Sockets.Socket.ConnectAsync(String host, Int32 port)
   at System.Net.Sockets.TcpClient.ConnectAsync(String host, Int32 port)
   at MySql.Data.Common.StreamCreator.GetTcpStreamAsync(MySqlConnectionStringBuilder settings, CancellationToken cancellationToken, Boolean execAsync)
   at MySql.Data.Common.StreamCreator.GetStreamAsync(MySqlConnectionStringBuilder settings, CancellationToken cancellationToken, Boolean execAsync)
   at MySql.Data.MySqlClient.NativeDriver.OpenAsync(Boolean execAsync, CancellationToken cancellationToken)
   at MySql.Data.MySqlClient.NativeDriver.OpenAsync(Boolean execAsync, CancellationToken cancellationToken)
   at MySql.Data.MySqlClient.Driver.OpenAsync(Boolean execAsync, CancellationToken cancellationToken)
   at MySql.Data.MySqlClient.Driver.CreateAsync(MySqlConnectionStringBuilder settings, Boolean execAsync, CancellationToken cancellationToken)
   at MySql.Data.MySqlClient.Driver.CreateAsync(MySqlConnectionStringBuilder settings, Boolean execAsync, CancellationToken cancellationToken)
   at MySql.Data.MySqlClient.MySqlPool.CreateNewPooledConnectionAsync(Boolean execAsync, CancellationToken cancellationToken)
   at MySql.Data.MySqlClient.MySqlPool.GetPooledConnectionAsync(Boolean execAsync, CancellationToken cancellationToken)
   at MySql.Data.MySqlClient.MySqlPool.TryToGetDriverAsync(Boolean execAsync, CancellationToken cancellationToken)
   at MySql.Data.MySqlClient.MySqlPool.GetConnectionAsync(Boolean execAsync, CancellationToken cancellationToken)
   at MySql.Data.MySqlClient.MySqlConnection.OpenAsync(Boolean execAsync, CancellationToken cancellationToken)
   at MySql.Data.MySqlClient.MySqlConnection.Open()
   at Bank.Services.CartaoService.ValidaCartao(String numeroCartao) in D:\trab-c#\Projeto-api-cartoes\Bank\Services\CartaoService.cs:line 23
2024-09-21 17:17:04.684 -03:00 [ERR] Erro ao ValidaCartao.
MySql.Data.MySqlClient.MySqlException (0x80004005): Unable to connect to any of the specified MySQL hosts.
 ---> System.ArgumentException: The value cannot be an empty string. (Parameter 'host')
   at System.ArgumentException.ThrowNullOrEmptyException(String argument, String paramName)
   at System.ArgumentException.ThrowIfNullOrEmpty(String argument, String paramName)
   at System.Net.DnsEndPoint..ctor(String host, Int32 port, AddressFamily addressFamily)
   at System.Net.Sockets.Socket.ConnectAsync(String host, Int32 port, CancellationToken cancellationToken)
   at System.Net.Sockets.Socket.ConnectAsync(String host, Int32 port)
   at System.Net.Sockets.TcpClient.ConnectAsync(String host, Int32 port)
   at MySql.Data.Common.StreamCreator.GetTcpStreamAsync(MySqlConnectionStringBuilder settings, CancellationToken cancellationToken, Boolean execAsync)
   at MySql.Data.Common.StreamCreator.GetStreamAsync(MySqlConnectionStringBuilder settings, CancellationToken cancellationToken, Boolean execAsync)
   at MySql.Data.MySqlClient.NativeDriver.OpenAsync(Boolean execAsync, CancellationToken cancellationToken)
   at MySql.Data.MySqlClient.NativeDriver.OpenAsync(Boolean execAsync, CancellationToken cancellationToken)
   at MySql.Data.MySqlClient.Driver.OpenAsync(Boolean execAsync, CancellationToken cancellationToken)
   at MySql.Data.MySqlClient.Driver.CreateAsync(MySqlConnectionStringBuilder settings, Boolean execAsync, CancellationToken cancellationToken)
   at MySql.Data.MySqlClient.Driver.CreateAsync(MySqlConnectionStringBuilder settings, Boolean execAsync, CancellationToken cancellationToken)
   at MySql.Data.MySqlClient.MySqlPool.CreateNewPooledConnectionAsync(Boolean execAsync, CancellationToken cancellationToken)
   at MySql.Data.MySqlClient.MySqlPool.GetPooledConnectionAsync(Boolean execAsync, CancellationToken cancellationToken)
   at MySql.Data.MySqlClient.MySqlPool.TryToGetDriverAsync(Boolean execAsync, CancellationToken cancellationToken)
   at MySql.Data.MySqlClient.MySqlPool.GetConnectionAsync(Boolean execAsync, CancellationToken cancellationToken)
   at MySql.Data.MySqlClient.MySqlConnection.OpenAsync(Boolean execAsync, CancellationToken cancellationToken)
   at MySql.Data.MySqlClient.MySqlConnection.Open()
   at Bank.Services.CartaoService.ValidaCartao(String numeroCartao) in D:\trab-c#\Projeto-api-cartoes\Bank\Services\CartaoService.cs:line 23
2024-09-21 17:17:04.869 -03:00 [ERR] Erro ao ValidaCartao.
MySql.Data.MySqlClient.MySqlException (0x80004005): Unable to connect to any of the specified MySQL hosts.
 ---> System.ArgumentException: The value cannot be an empty string. (Parameter 'host')
   at System.ArgumentException.ThrowNullOrEmptyException(String argument, String paramName)
   at System.ArgumentException.ThrowIfNullOrEmpty(String argument, String paramName)
   at System.Net.DnsEndPoint..ctor(String host, Int32 port, AddressFamily addressFamily)
   at System.Net.Sockets.Socket.ConnectAsync(String host, Int32 port, CancellationToken cancellationToken)
   at System.Net.Sockets.Socket.ConnectAsync(String host, Int32 port)
   at System.Net.Sockets.TcpClient.ConnectAsync(String host, Int32 port)
   at MySql.Data.Common.StreamCreator.GetTcpStreamAsync(MySqlConnectionStringBuilder settings, CancellationToken cancellationToken, Boolean execAsync)
   at MySql.Data.Common.StreamCreator.GetStreamAsync(MySqlConnectionStringBuilder settings, CancellationToken cancellationToken, Boolean execAsync)
   at MySql.Data.MySqlClient.NativeDriver.OpenAsync(Boolean execAsync, CancellationToken cancellationToken)
   at MySql.Data.MySqlClient.NativeDriver.OpenAsync(Boolean execAsync, CancellationToken cancellationToken)
   at MySql.Data.MySqlClient.Driver.OpenAsync(Boolean execAsync, CancellationToken cancellationToken)
   at MySql.Data.MySqlClient.Driver.CreateAsync(MySqlConnectionStringBuilder settings, Boolean execAsync, CancellationToken cancellationToken)
   at MySql.Data.MySqlClient.Driver.CreateAsync(MySqlConnectionStringBuilder settings, Boolean execAsync, CancellationToken cancellationToken)
   at MySql.Data.MySqlClient.MySqlPool.CreateNewPooledConnectionAsync(Boolean execAsync, CancellationToken cancellationToken)
   at MySql.Data.MySqlClient.MySqlPool.GetPooledConnectionAsync(Boolean execAsync, CancellationToken cancellationToken)
   at MySql.Data.MySqlClient.MySqlPool.TryToGetDriverAsync(Boolean execAsync, CancellationToken cancellationToken)
   at MySql.Data.MySqlClient.MySqlPool.GetConnectionAsync(Boolean execAsync, CancellationToken cancellationToken)
   at MySql.Data.MySqlClient.MySqlConnection.OpenAsync(Boolean execAsync, CancellationToken cancellationToken)
   at MySql.Data.MySqlClient.MySqlConnection.Open()
   at Bank.Services.CartaoService.ValidaCartao(String numeroCartao) in D:\trab-c#\Projeto-api-cartoes\Bank\Services\CartaoService.cs:line 23
2024-09-21 17:17:05.042 -03:00 [ERR] Erro ao ValidaCartao.
MySql.Data.MySqlClient.MySqlException (0x80004005): Unable to connect to any of the specified MySQL hosts.
 ---> System.ArgumentException: The value cannot be an empty string. (Parameter 'host')
   at System.ArgumentException.ThrowNullOrEmptyException(String argument, String paramName)
   at System.ArgumentException.ThrowIfNullOrEmpty(String argument, String paramName)
   at System.Net.DnsEndPoint..ctor(String host, Int32 port, AddressFamily addressFamily)
   at System.Net.Sockets.Socket.ConnectAsync(String host, Int32 port, CancellationToken cancellationToken)
   at System.Net.Sockets.Socket.ConnectAsync(String host, Int32 port)
   at System.Net.Sockets.TcpClient.ConnectAsync(String host, Int32 port)
   at MySql.Data.Common.StreamCreator.GetTcpStreamAsync(MySqlConnectionStringBuilder settings, CancellationToken cancellationToken, Boolean execAsync)
   at MySql.Data.Common.StreamCreator.GetStreamAsync(MySqlConnectionStringBuilder settings, CancellationToken cancellationToken, Boolean execAsync)
   at MySql.Data.MySqlClient.NativeDriver.OpenAsync(Boolean execAsync, CancellationToken cancellationToken)
   at MySql.Data.MySqlClient.NativeDriver.OpenAsync(Boolean execAsync, CancellationToken cancellationToken)
   at MySql.Data.MySqlClient.Driver.OpenAsync(Boolean execAsync, CancellationToken cancellationToken)
   at MySql.Data.MySqlClient.Driver.CreateAsync(MySqlConnectionStringBuilder settings, Boolean execAsync, CancellationToken cancellationToken)
   at MySql.Data.MySqlClient.Driver.CreateAsync(MySqlConnectionStringBuilder settings, Boolean execAsync, CancellationToken cancellationToken)
   at MySql.Data.MySqlClient.MySqlPool.CreateNewPooledConnectionAsync(Boolean execAsync, CancellationToken cancellationToken)
   at MySql.Data.MySqlClient.MySqlPool.GetPooledConnectionAsync(Boolean execAsync, CancellationToken cancellationToken)
   at MySql.Data.MySqlClient.MySqlPool.TryToGetDriverAsync(Boolean execAsync, CancellationToken cancellationToken)
   at MySql.Data.MySqlClient.MySqlPool.GetConnectionAsync(Boolean execAsync, CancellationToken cancellationToken)
   at MySql.Data.MySqlClient.MySqlConnection.OpenAsync(Boolean execAsync, CancellationToken cancellationToken)
   at MySql.Data.MySqlClient.MySqlConnection.Open()
   at Bank.Services.CartaoService.ValidaCartao(String numeroCartao) in D:\trab-c#\Projeto-api-cartoes\Bank\Services\CartaoService.cs:line 23
2024-09-21 17:17:05.590 -03:00 [ERR] Erro ao ValidaCartao.
MySql.Data.MySqlClient.MySqlException (0x80004005): Unable to connect to any of the specified MySQL hosts.
 ---> System.ArgumentException: The value cannot be an empty string. (Parameter 'host')
   at System.ArgumentException.ThrowNullOrEmptyException(String argument, String paramName)
   at System.ArgumentException.ThrowIfNullOrEmpty(String argument, String paramName)
   at System.Net.DnsEndPoint..ctor(String host, Int32 port, AddressFamily addressFamily)
   at System.Net.Sockets.Socket.ConnectAsync(String host, Int32 port, CancellationToken cancellationToken)
   at System.Net.Sockets.Socket.ConnectAsync(String host, Int32 port)
   at System.Net.Sockets.TcpClient.ConnectAsync(String host, Int32 port)
   at MySql.Data.Common.StreamCreator.GetTcpStreamAsync(MySqlConnectionStringBuilder settings, CancellationToken cancellationToken, Boolean execAsync)
   at MySql.Data.Common.StreamCreator.GetStreamAsync(MySqlConnectionStringBuilder settings, CancellationToken cancellationToken, Boolean execAsync)
   at MySql.Data.MySqlClient.NativeDriver.OpenAsync(Boolean execAsync, CancellationToken cancellationToken)
   at MySql.Data.MySqlClient.NativeDriver.OpenAsync(Boolean execAsync, CancellationToken cancellationToken)
   at MySql.Data.MySqlClient.Driver.OpenAsync(Boolean execAsync, CancellationToken cancellationToken)
   at MySql.Data.MySqlClient.Driver.CreateAsync(MySqlConnectionStringBuilder settings, Boolean execAsync, CancellationToken cancellationToken)
   at MySql.Data.MySqlClient.Driver.CreateAsync(MySqlConnectionStringBuilder settings, Boolean execAsync, CancellationToken cancellationToken)
   at MySql.Data.MySqlClient.MySqlPool.CreateNewPooledConnectionAsync(Boolean execAsync, CancellationToken cancellationToken)
   at MySql.Data.MySqlClient.MySqlPool.GetPooledConnectionAsync(Boolean execAsync, CancellationToken cancellationToken)
   at MySql.Data.MySqlClient.MySqlPool.TryToGetDriverAsync(Boolean execAsync, CancellationToken cancellationToken)
   at MySql.Data.MySqlClient.MySqlPool.GetConnectionAsync(Boolean execAsync, CancellationToken cancellationToken)
   at MySql.Data.MySqlClient.MySqlConnection.OpenAsync(Boolean execAsync, CancellationToken cancellationToken)
   at MySql.Data.MySqlClient.MySqlConnection.Open()
   at Bank.Services.CartaoService.ValidaCartao(String numeroCartao) in D:\trab-c#\Projeto-api-cartoes\Bank\Services\CartaoService.cs:line 23
2024-09-21 17:21:32.687 -03:00 [ERR] Erro ao ValidaCartao.
MySql.Data.MySqlClient.MySqlException (0x80004005): Unable to connect to any of the specified MySQL hosts.
 ---> System.ArgumentException: The value cannot be an empty string. (Parameter 'host')
   at System.ArgumentException.ThrowNullOrEmptyException(String argument, String paramName)
   at System.ArgumentException.ThrowIfNullOrEmpty(String argument, String paramName)
   at System.Net.DnsEndPoint..ctor(String host, Int32 port, AddressFamily addressFamily)
   at System.Net.Sockets.Socket.ConnectAsync(String host, Int32 port, CancellationToken cancellationToken)
   at System.Net.Sockets.Socket.ConnectAsync(String host, Int32 port)
   at System.Net.Sockets.TcpClient.ConnectAsync(String host, Int32 port)
   at MySql.Data.Common.StreamCreator.GetTcpStreamAsync(MySqlConnectionStringBuilder settings, CancellationToken cancellationToken, Boolean execAsync)
   at MySql.Data.Common.StreamCreator.GetStreamAsync(MySqlConnectionStringBuilder settings, CancellationToken cancellationToken, Boolean execAsync)
   at MySql.Data.MySqlClient.NativeDriver.OpenAsync(Boolean execAsync, CancellationToken cancellationToken)
   at MySql.Data.MySqlClient.NativeDriver.OpenAsync(Boolean execAsync, CancellationToken cancellationToken)
   at MySql.Data.MySqlClient.Driver.OpenAsync(Boolean execAsync, CancellationToken cancellationToken)
   at MySql.Data.MySqlClient.Driver.CreateAsync(MySqlConnectionStringBuilder settings, Boolean execAsync, CancellationToken cancellationToken)
   at MySql.Data.MySqlClient.Driver.CreateAsync(MySqlConnectionStringBuilder settings, Boolean execAsync, CancellationToken cancellationToken)
   at MySql.Data.MySqlClient.MySqlPool.CreateNewPooledConnectionAsync(Boolean execAsync, CancellationToken cancellationToken)
   at MySql.Data.MySqlClient.MySqlPool.GetPooledConnectionAsync(Boolean execAsync, CancellationToken cancellationToken)
   at MySql.Data.MySqlClient.MySqlPool.TryToGetDriverAsync(Boolean execAsync, CancellationToken cancellationToken)
   at MySql.Data.MySqlClient.MySqlPool.GetConnectionAsync(Boolean execAsync, CancellationToken cancellationToken)
   at MySql.Data.MySqlClient.MySqlConnection.OpenAsync(Boolean execAsync, CancellationToken cancellationToken)
   at MySql.Data.MySqlClient.MySqlConnection.Open()
   at Bank.Services.CartaoService.ValidaCartao(String numeroCartao) in D:\trab-c#\Projeto-api-cartoes\Bank\Services\CartaoService.cs:line 23
2024-09-21 17:21:33.341 -03:00 [ERR] Erro ao ValidaCartao.
MySql.Data.MySqlClient.MySqlException (0x80004005): Unable to connect to any of the specified MySQL hosts.
 ---> System.ArgumentException: The value cannot be an empty string. (Parameter 'host')
   at System.ArgumentException.ThrowNullOrEmptyException(String argument, String paramName)
   at System.ArgumentException.ThrowIfNullOrEmpty(String argument, String paramName)
   at System.Net.DnsEndPoint..ctor(String host, Int32 port, AddressFamily addressFamily)
   at System.Net.Sockets.Socket.ConnectAsync(String host, Int32 port, CancellationToken cancellationToken)
   at System.Net.Sockets.Socket.ConnectAsync(String host, Int32 port)
   at System.Net.Sockets.TcpClient.ConnectAsync(String host, Int32 port)
   at MySql.Data.Common.StreamCreator.GetTcpStreamAsync(MySqlConnectionStringBuilder settings, CancellationToken cancellationToken, Boolean execAsync)
   at MySql.Data.Common.StreamCreator.GetStreamAsync(MySqlConnectionStringBuilder settings, CancellationToken cancellationToken, Boolean execAsync)
   at MySql.Data.MySqlClient.NativeDriver.OpenAsync(Boolean execAsync, CancellationToken cancellationToken)
   at MySql.Data.MySqlClient.NativeDriver.OpenAsync(Boolean execAsync, CancellationToken cancellationToken)
   at MySql.Data.MySqlClient.Driver.OpenAsync(Boolean execAsync, CancellationToken cancellationToken)
   at MySql.Data.MySqlClient.Driver.CreateAsync(MySqlConnectionStringBuilder settings, Boolean execAsync, CancellationToken cancellationToken)
   at MySql.Data.MySqlClient.Driver.CreateAsync(MySqlConnectionStringBuilder settings, Boolean execAsync, CancellationToken cancellationToken)
   at MySql.Data.MySqlClient.MySqlPool.CreateNewPooledConnectionAsync(Boolean execAsync, CancellationToken cancellationToken)
   at MySql.Data.MySqlClient.MySqlPool.GetPooledConnectionAsync(Boolean execAsync, CancellationToken cancellationToken)
   at MySql.Data.MySqlClient.MySqlPool.TryToGetDriverAsync(Boolean execAsync, CancellationToken cancellationToken)
   at MySql.Data.MySqlClient.MySqlPool.GetConnectionAsync(Boolean execAsync, CancellationToken cancellationToken)
   at MySql.Data.MySqlClient.MySqlConnection.OpenAsync(Boolean execAsync, CancellationToken cancellationToken)
   at MySql.Data.MySqlClient.MySqlConnection.Open()
   at Bank.Services.CartaoService.ValidaCartao(String numeroCartao) in D:\trab-c#\Projeto-api-cartoes\Bank\Services\CartaoService.cs:line 23
2024-09-21 17:21:33.739 -03:00 [ERR] Erro ao ValidaCartao.
MySql.Data.MySqlClient.MySqlException (0x80004005): Unable to connect to any of the specified MySQL hosts.
 ---> System.ArgumentException: The value cannot be an empty string. (Parameter 'host')
   at System.ArgumentException.ThrowNullOrEmptyException(String argument, String paramName)
   at System.ArgumentException.ThrowIfNullOrEmpty(String argument, String paramName)
   at System.Net.DnsEndPoint..ctor(String host, Int32 port, AddressFamily addressFamily)
   at System.Net.Sockets.Socket.ConnectAsync(String host, Int32 port, CancellationToken cancellationToken)
   at System.Net.Sockets.Socket.ConnectAsync(String host, Int32 port)
   at System.Net.Sockets.TcpClient.ConnectAsync(String host, Int32 port)
   at MySql.Data.Common.StreamCreator.GetTcpStreamAsync(MySqlConnectionStringBuilder settings, CancellationToken cancellationToken, Boolean execAsync)
   at MySql.Data.Common.StreamCreator.GetStreamAsync(MySqlConnectionStringBuilder settings, CancellationToken cancellationToken, Boolean execAsync)
   at MySql.Data.MySqlClient.NativeDriver.OpenAsync(Boolean execAsync, CancellationToken cancellationToken)
   at MySql.Data.MySqlClient.NativeDriver.OpenAsync(Boolean execAsync, CancellationToken cancellationToken)
   at MySql.Data.MySqlClient.Driver.OpenAsync(Boolean execAsync, CancellationToken cancellationToken)
   at MySql.Data.MySqlClient.Driver.CreateAsync(MySqlConnectionStringBuilder settings, Boolean execAsync, CancellationToken cancellationToken)
   at MySql.Data.MySqlClient.Driver.CreateAsync(MySqlConnectionStringBuilder settings, Boolean execAsync, CancellationToken cancellationToken)
   at MySql.Data.MySqlClient.MySqlPool.CreateNewPooledConnectionAsync(Boolean execAsync, CancellationToken cancellationToken)
   at MySql.Data.MySqlClient.MySqlPool.GetPooledConnectionAsync(Boolean execAsync, CancellationToken cancellationToken)
   at MySql.Data.MySqlClient.MySqlPool.TryToGetDriverAsync(Boolean execAsync, CancellationToken cancellationToken)
   at MySql.Data.MySqlClient.MySqlPool.GetConnectionAsync(Boolean execAsync, CancellationToken cancellationToken)
   at MySql.Data.MySqlClient.MySqlConnection.OpenAsync(Boolean execAsync, CancellationToken cancellationToken)
   at MySql.Data.MySqlClient.MySqlConnection.Open()
   at Bank.Services.CartaoService.ValidaCartao(String numeroCartao) in D:\trab-c#\Projeto-api-cartoes\Bank\Services\CartaoService.cs:line 23
2024-09-21 17:21:34.091 -03:00 [ERR] Erro ao ValidaCartao.
MySql.Data.MySqlClient.MySqlException (0x80004005): Unable to connect to any of the specified MySQL hosts.
 ---> System.ArgumentException: The value cannot be an empty string. (Parameter 'host')
   at System.ArgumentException.ThrowNullOrEmptyException(String argument, String paramName)
   at System.ArgumentException.ThrowIfNullOrEmpty(String argument, String paramName)
   at System.Net.DnsEndPoint..ctor(String host, Int32 port, AddressFamily addressFamily)
   at System.Net.Sockets.Socket.ConnectAsync(String host, Int32 port, CancellationToken cancellationToken)
   at System.Net.Sockets.Socket.ConnectAsync(String host, Int32 port)
   at System.Net.Sockets.TcpClient.ConnectAsync(String host, Int32 port)
   at MySql.Data.Common.StreamCreator.GetTcpStreamAsync(MySqlConnectionStringBuilder settings, CancellationToken cancellationToken, Boolean execAsync)
   at MySql.Data.Common.StreamCreator.GetStreamAsync(MySqlConnectionStringBuilder settings, CancellationToken cancellationToken, Boolean execAsync)
   at MySql.Data.MySqlClient.NativeDriver.OpenAsync(Boolean execAsync, CancellationToken cancellationToken)
   at MySql.Data.MySqlClient.NativeDriver.OpenAsync(Boolean execAsync, CancellationToken cancellationToken)
   at MySql.Data.MySqlClient.Driver.OpenAsync(Boolean execAsync, CancellationToken cancellationToken)
   at MySql.Data.MySqlClient.Driver.CreateAsync(MySqlConnectionStringBuilder settings, Boolean execAsync, CancellationToken cancellationToken)
   at MySql.Data.MySqlClient.Driver.CreateAsync(MySqlConnectionStringBuilder settings, Boolean execAsync, CancellationToken cancellationToken)
   at MySql.Data.MySqlClient.MySqlPool.CreateNewPooledConnectionAsync(Boolean execAsync, CancellationToken cancellationToken)
   at MySql.Data.MySqlClient.MySqlPool.GetPooledConnectionAsync(Boolean execAsync, CancellationToken cancellationToken)
   at MySql.Data.MySqlClient.MySqlPool.TryToGetDriverAsync(Boolean execAsync, CancellationToken cancellationToken)
   at MySql.Data.MySqlClient.MySqlPool.GetConnectionAsync(Boolean execAsync, CancellationToken cancellationToken)
   at MySql.Data.MySqlClient.MySqlConnection.OpenAsync(Boolean execAsync, CancellationToken cancellationToken)
   at MySql.Data.MySqlClient.MySqlConnection.Open()
   at Bank.Services.CartaoService.ValidaCartao(String numeroCartao) in D:\trab-c#\Projeto-api-cartoes\Bank\Services\CartaoService.cs:line 23
2024-09-21 18:27:28.538 -03:00 [ERR] An unhandled exception has occurred while executing the request.
System.DivideByZeroException: Attempted to divide by zero.
   at System.Decimal.DecCalc.VarDecDiv(DecCalc& d1, DecCalc& d2)
   at System.Decimal.op_Division(Decimal d1, Decimal d2)
   at Bank.Controllers.PagamentosController.CalcularParcelas(CalcularParcelasViewModel request) in D:\trab-c#\Projeto-api-cartoes\Bank\Controllers\PagamentosController.cs:line 32
   at lambda_method2(Closure, Object, Object[])
   at Microsoft.AspNetCore.Mvc.Infrastructure.ActionMethodExecutor.SyncActionResultExecutor.Execute(ActionContext actionContext, IActionResultTypeMapper mapper, ObjectMethodExecutor executor, Object controller, Object[] arguments)
   at Microsoft.AspNetCore.Mvc.Infrastructure.ControllerActionInvoker.InvokeActionMethodAsync()
   at Microsoft.AspNetCore.Mvc.Infrastructure.ControllerActionInvoker.Next(State& next, Scope& scope, Object& state, Boolean& isCompleted)
   at Microsoft.AspNetCore.Mvc.Infrastructure.ControllerActionInvoker.InvokeNextActionFilterAsync()
--- End of stack trace from previous location ---
   at Microsoft.AspNetCore.Mvc.Infrastructure.ControllerActionInvoker.Rethrow(ActionExecutedContextSealed context)
   at Microsoft.AspNetCore.Mvc.Infrastructure.ControllerActionInvoker.Next(State& next, Scope& scope, Object& state, Boolean& isCompleted)
   at Microsoft.AspNetCore.Mvc.Infrastructure.ControllerActionInvoker.InvokeInnerFilterAsync()
--- End of stack trace from previous location ---
   at Microsoft.AspNetCore.Mvc.Infrastructure.ResourceInvoker.<InvokeFilterPipelineAsync>g__Awaited|20_0(ResourceInvoker invoker, Task lastTask, State next, Scope scope, Object state, Boolean isCompleted)
   at Microsoft.AspNetCore.Mvc.Infrastructure.ResourceInvoker.<InvokeAsync>g__Awaited|17_0(ResourceInvoker invoker, Task task, IDisposable scope)
   at Microsoft.AspNetCore.Mvc.Infrastructure.ResourceInvoker.<InvokeAsync>g__Awaited|17_0(ResourceInvoker invoker, Task task, IDisposable scope)
   at Microsoft.AspNetCore.Authorization.AuthorizationMiddleware.Invoke(HttpContext context)
   at Swashbuckle.AspNetCore.SwaggerUI.SwaggerUIMiddleware.Invoke(HttpContext httpContext)
   at Swashbuckle.AspNetCore.Swagger.SwaggerMiddleware.Invoke(HttpContext httpContext, ISwaggerProvider swaggerProvider)
   at Microsoft.AspNetCore.Authentication.AuthenticationMiddleware.Invoke(HttpContext context)
   at Microsoft.AspNetCore.Diagnostics.DeveloperExceptionPageMiddlewareImpl.Invoke(HttpContext context)
